<?xml version="1.0" encoding="UTF-8"?>
<testsuite xmlns:xsi="http://www.w3.org/2001/XMLSchema-instance" xsi:noNamespaceSchemaLocation="https://maven.apache.org/surefire/maven-surefire-plugin/xsd/surefire-test-report.xsd" name="com.tonnie.ipl.xpto.tracking.telemetry.controller.SensorControllerTest" time="1.227" tests="8" errors="0" skipped="0" failures="0">
  <properties>
[...]
</properties>
  <testcase name="listEntities" classname="com.tonnie.ipl.xpto.tracking.telemetry.controller.SensorControllerTest" time="0.156"/>
  <testcase name="getEntity" classname="com.tonnie.ipl.xpto.tracking.telemetry.controller.SensorControllerTest" time="0.031"/>
  <testcase name="createEntity" classname="com.tonnie.ipl.xpto.tracking.telemetry.controller.SensorControllerTest" time="0.092"/>
  <testcase name="updateEntity" classname="com.tonnie.ipl.xpto.tracking.telemetry.controller.SensorControllerTest" time="0.014"/>
  <testcase name="updateEntityFailsNotFound" classname="com.tonnie.ipl.xpto.tracking.telemetry.controller.SensorControllerTest" time="0.018"/>
  <testcase name="deleteEntity" classname="com.tonnie.ipl.xpto.tracking.telemetry.controller.SensorControllerTest" time="0.007"/>
  <testcase name="deleteEntityFailsNotFound" classname="com.tonnie.ipl.xpto.tracking.telemetry.controller.SensorControllerTest" time="0.007"/>
  <testcase name="getEntityFailsNotFound" classname="com.tonnie.ipl.xpto.tracking.telemetry.controller.SensorControllerTest" time="0.007"/>
</testsuite>